Running: /opt/Xilinx/14.7/ISE_DS/ISE/bin/lin/unwrapped/fuse -intstyle ise -incremental -o /home/student/github/digital_circuits_and_systems/A003_S_L-R_L_latch/slrl_latch_testbench_isim_beh.exe -prj /home/student/github/digital_circuits_and_systems/A003_S_L-R_L_latch/slrl_latch_testbench_beh.prj slrl_latch_testbench 
ISim P.20131013 (signature 0xfbc00daa)
Number of CPUs detected in this system: 1
Turning on mult-threading, number of parallel sub-compilation jobs: 0 
Determining compilation order of HDL files
Parsing VHDL file "/home/student/github/digital_circuits_and_systems/A003_S_L-R_L_latch/slrl_latch.vhd" into library work
Parsing VHDL file "/home/student/github/digital_circuits_and_systems/A003_S_L-R_L_latch/slrl_latch_testbench.vhd" into library work
Starting static elaboration
Completed static elaboration
Fuse Memory Usage: 45352 KB
Fuse CPU Usage: 1370 ms
Compiling package standard
Compiling package std_logic_1164
Compiling package vcomponents
Compiling architecture and2_v of entity AND2 [and2_default]
Compiling architecture inv_v of entity INV [inv_default]
Compiling architecture slrl_latch_arch of entity slrl_latch [slrl_latch_default]
Compiling architecture behavior of entity slrl_latch_testbench
Time Resolution for simulation is 1ps.
Compiled 10 VHDL Units
Built simulation executable /home/student/github/digital_circuits_and_systems/A003_S_L-R_L_latch/slrl_latch_testbench_isim_beh.exe
Fuse Memory Usage: 54836 KB
Fuse CPU Usage: 1400 ms
GCC CPU Usage: 320 ms
