Release 14.7 - xst P.20131013 (lin)
Copyright (c) 1995-2013 Xilinx, Inc.  All rights reserved.
--> 
Parameter TMPDIR set to xst/projnav.tmp


Total REAL time to Xst completion: 0.00 secs
Total CPU time to Xst completion: 0.07 secs
 
--> 
Parameter xsthdpdir set to xst


Total REAL time to Xst completion: 0.00 secs
Total CPU time to Xst completion: 0.07 secs
 
--> 
Reading design: v3to8dec.prj

TABLE OF CONTENTS
  1) Synthesis Options Summary
  2) HDL Compilation
  3) Design Hierarchy Analysis
  4) HDL Analysis
  5) HDL Synthesis
     5.1) HDL Synthesis Report
  6) Advanced HDL Synthesis
     6.1) Advanced HDL Synthesis Report
  7) Low Level Synthesis
  8) Partition Report
  9) Final Report
	9.1) Device utilization summary
	9.2) Partition Resource Summary
	9.3) TIMING REPORT


=========================================================================
*                      Synthesis Options Summary                        *
=========================================================================
---- Source Parameters
Input File Name                    : "v3to8dec.prj"
Input Format                       : mixed
Ignore Synthesis Constraint File   : NO

---- Target Parameters
Output File Name                   : "v3to8dec"
Output Format                      : NGC
Target Device                      : xc3s50a-5-tq144

---- Source Options
Top Module Name                    : v3to8dec
Automatic FSM Extraction           : YES
FSM Encoding Algorithm             : Auto
Safe Implementation                : No
FSM Style                          : LUT
RAM Extraction                     : Yes
RAM Style                          : Auto
ROM Extraction                     : Yes
Mux Style                          : Auto
Decoder Extraction                 : YES
Priority Encoder Extraction        : Yes
Shift Register Extraction          : YES
Logical Shifter Extraction         : YES
XOR Collapsing                     : YES
ROM Style                          : Auto
Mux Extraction                     : Yes
Resource Sharing                   : YES
Asynchronous To Synchronous        : NO
Multiplier Style                   : Auto
Automatic Register Balancing       : No

---- Target Options
Add IO Buffers                     : YES
Global Maximum Fanout              : 100000
Add Generic Clock Buffer(BUFG)     : 24
Register Duplication               : YES
Slice Packing                      : YES
Optimize Instantiated Primitives   : NO
Use Clock Enable                   : Yes
Use Synchronous Set                : Yes
Use Synchronous Reset              : Yes
Pack IO Registers into IOBs        : Auto
Equivalent register Removal        : YES

---- General Options
Optimization Goal                  : Speed
Optimization Effort                : 1
Keep Hierarchy                     : No
Netlist Hierarchy                  : As_Optimized
RTL Output                         : Yes
Global Optimization                : AllClockNets
Read Cores                         : YES
Write Timing Constraints           : NO
Cross Clock Analysis               : NO
Hierarchy Separator                : /
Bus Delimiter                      : <>
Case Specifier                     : Maintain
Slice Utilization Ratio            : 100
BRAM Utilization Ratio             : 100
Verilog 2001                       : YES
Auto BRAM Packing                  : NO
Slice Utilization Ratio Delta      : 5

=========================================================================


=========================================================================
*                          HDL Compilation                              *
=========================================================================
Compiling vhdl file "/home/student/github/digital_circuits_and_systems/A002_3-to-8_decoder/v2to4dec.vhd" in Library work.
Architecture v2to4dec_arch of Entity v2to4dec is up to date.
Compiling vhdl file "/home/student/github/digital_circuits_and_systems/A002_3-to-8_decoder/v3to8dec.vhd" in Library work.
Entity <v3to8dec> compiled.
Entity <v3to8dec> (Architecture <v3to8dec_arch>) compiled.

=========================================================================
*                     Design Hierarchy Analysis                         *
=========================================================================
Analyzing hierarchy for entity <v3to8dec> in library <work> (architecture <v3to8dec_arch>).

Analyzing hierarchy for entity <v2to4dec> in library <work> (architecture <v2to4dec_arch>).


=========================================================================
*                            HDL Analysis                               *
=========================================================================
Analyzing Entity <v3to8dec> in library <work> (Architecture <v3to8dec_arch>).
WARNING:Xst:2211 - "/home/student/github/digital_circuits_and_systems/A002_3-to-8_decoder/v3to8dec.vhd" line 44: Instantiating black box module <INV>.
WARNING:Xst:2211 - "/home/student/github/digital_circuits_and_systems/A002_3-to-8_decoder/v3to8dec.vhd" line 45: Instantiating black box module <AND2>.
WARNING:Xst:2211 - "/home/student/github/digital_circuits_and_systems/A002_3-to-8_decoder/v3to8dec.vhd" line 46: Instantiating black box module <AND2>.
Entity <v3to8dec> analyzed. Unit <v3to8dec> generated.

Analyzing Entity <v2to4dec> in library <work> (Architecture <v2to4dec_arch>).
WARNING:Xst:2211 - "/home/student/github/digital_circuits_and_systems/A002_3-to-8_decoder/v2to4dec.vhd" line 47: Instantiating black box module <INV>.
WARNING:Xst:2211 - "/home/student/github/digital_circuits_and_systems/A002_3-to-8_decoder/v2to4dec.vhd" line 48: Instantiating black box module <INV>.
WARNING:Xst:2211 - "/home/student/github/digital_circuits_and_systems/A002_3-to-8_decoder/v2to4dec.vhd" line 49: Instantiating black box module <AND3>.
WARNING:Xst:2211 - "/home/student/github/digital_circuits_and_systems/A002_3-to-8_decoder/v2to4dec.vhd" line 50: Instantiating black box module <AND3>.
WARNING:Xst:2211 - "/home/student/github/digital_circuits_and_systems/A002_3-to-8_decoder/v2to4dec.vhd" line 51: Instantiating black box module <AND3>.
WARNING:Xst:2211 - "/home/student/github/digital_circuits_and_systems/A002_3-to-8_decoder/v2to4dec.vhd" line 52: Instantiating black box module <AND3>.
Entity <v2to4dec> analyzed. Unit <v2to4dec> generated.


=========================================================================
*                           HDL Synthesis                               *
=========================================================================

Performing bidirectional port resolution...

Synthesizing Unit <v2to4dec>.
    Related source file is "/home/student/github/digital_circuits_and_systems/A002_3-to-8_decoder/v2to4dec.vhd".
Unit <v2to4dec> synthesized.


Synthesizing Unit <v3to8dec>.
    Related source file is "/home/student/github/digital_circuits_and_systems/A002_3-to-8_decoder/v3to8dec.vhd".
Unit <v3to8dec> synthesized.


=========================================================================
HDL Synthesis Report

Found no macro
=========================================================================

=========================================================================
*                       Advanced HDL Synthesis                          *
=========================================================================


=========================================================================
Advanced HDL Synthesis Report

Found no macro
=========================================================================

=========================================================================
*                         Low Level Synthesis                           *
=========================================================================

Optimizing unit <v3to8dec> ...

Mapping all equations...
Building and optimizing final netlist ...
Found area constraint ratio of 100 (+ 5) on block v3to8dec, actual ratio is 0.

Final Macro Processing ...

=========================================================================
Final Register Report

Found no macro
=========================================================================

=========================================================================
*                           Partition Report                            *
=========================================================================

Partition Implementation Status
-------------------------------

  No Partitions were found in this design.

-------------------------------

=========================================================================
*                            Final Report                               *
=========================================================================
Final Results
RTL Top Level Output File Name     : v3to8dec.ngr
Top Level Output File Name         : v3to8dec
Output Format                      : NGC
Optimization Goal                  : Speed
Keep Hierarchy                     : No

Design Statistics
# IOs                              : 12

Cell Usage :
# BELS                             : 15
#      AND2                        : 2
#      AND3                        : 8
#      INV                         : 5
# IO Buffers                       : 12
#      IBUF                        : 4
#      OBUF                        : 8
=========================================================================

Device utilization summary:
---------------------------

Selected Device : 3s50atq144-5 

 Number of Slices:                        3  out of    704     0%  
 Number of 4 input LUTs:                  5  out of   1408     0%  
 Number of IOs:                          12
 Number of bonded IOBs:                  12  out of    108    11%  

---------------------------
Partition Resource Summary:
---------------------------

  No Partitions were found in this design.

---------------------------


=========================================================================
TIMING REPORT

NOTE: THESE TIMING NUMBERS ARE ONLY A SYNTHESIS ESTIMATE.
      FOR ACCURATE TIMING INFORMATION PLEASE REFER TO THE TRACE REPORT
      GENERATED AFTER PLACE-and-ROUTE.

Clock Information:
------------------
No clock signals found in this design

Asynchronous Control Signals Information:
----------------------------------------
No asynchronous control signals found in this design

Timing Summary:
---------------
Speed Grade: -5

   Minimum period: No path found
   Minimum input arrival time before clock: No path found
   Maximum output required time after clock: No path found
   Maximum combinational path delay: 8.499ns

Timing Detail:
--------------
All values displayed in nanoseconds (ns)

=========================================================================
Timing constraint: Default path analysis
  Total number of paths / destination ports: 32 / 8
-------------------------------------------------------------------------
Delay:               8.499ns (Levels of Logic = 5)
  Source:            A<2> (PAD)
  Destination:       O<3> (PAD)

  Data Path: A<2> to O<3>
                                Gate     Net
    Cell:in->out      fanout   Delay   Delay  Logical Name (Net Name)
    ----------------------------------------  ------------
     IBUF:I->O             2   0.824   0.380  A_2_IBUF (A_2_IBUF)
     INV:I->O              1   0.562   0.357  U1 (A2_L)
     AND2:I1->O            4   0.562   0.499  U2 (EN_A2_L)
     AND3:I0->O            1   0.562   0.357  U4/U6 (O_3_OBUF)
     OBUF:I->O                 4.396          O_3_OBUF (O<3>)
    ----------------------------------------
    Total                      8.499ns (6.906ns logic, 1.593ns route)
                                       (81.3% logic, 18.7% route)

=========================================================================


Total REAL time to Xst completion: 14.00 secs
Total CPU time to Xst completion: 6.12 secs
 
--> 


Total memory usage is 173680 kilobytes

Number of errors   :    0 (   0 filtered)
Number of warnings :    9 (   0 filtered)
Number of infos    :    0 (   0 filtered)

