Release 14.7 - xst P.20131013 (lin)
Copyright (c) 1995-2013 Xilinx, Inc.  All rights reserved.
--> 
Parameter TMPDIR set to xst/projnav.tmp


Total REAL time to Xst completion: 0.00 secs
Total CPU time to Xst completion: 0.05 secs
 
--> 
Parameter xsthdpdir set to xst


Total REAL time to Xst completion: 0.00 secs
Total CPU time to Xst completion: 0.06 secs
 
--> 
Reading design: sr_latch_en.prj

TABLE OF CONTENTS
  1) Synthesis Options Summary
  2) HDL Compilation
  3) Design Hierarchy Analysis
  4) HDL Analysis
  5) HDL Synthesis
     5.1) HDL Synthesis Report
  6) Advanced HDL Synthesis
     6.1) Advanced HDL Synthesis Report
  7) Low Level Synthesis
  8) Partition Report
  9) Final Report
	9.1) Device utilization summary
	9.2) Partition Resource Summary
	9.3) TIMING REPORT


=========================================================================
*                      Synthesis Options Summary                        *
=========================================================================
---- Source Parameters
Input File Name                    : "sr_latch_en.prj"
Input Format                       : mixed
Ignore Synthesis Constraint File   : NO

---- Target Parameters
Output File Name                   : "sr_latch_en"
Output Format                      : NGC
Target Device                      : xc3s50a-5-tq144

---- Source Options
Top Module Name                    : sr_latch_en
Automatic FSM Extraction           : YES
FSM Encoding Algorithm             : Auto
Safe Implementation                : No
FSM Style                          : LUT
RAM Extraction                     : Yes
RAM Style                          : Auto
ROM Extraction                     : Yes
Mux Style                          : Auto
Decoder Extraction                 : YES
Priority Encoder Extraction        : Yes
Shift Register Extraction          : YES
Logical Shifter Extraction         : YES
XOR Collapsing                     : YES
ROM Style                          : Auto
Mux Extraction                     : Yes
Resource Sharing                   : YES
Asynchronous To Synchronous        : NO
Multiplier Style                   : Auto
Automatic Register Balancing       : No

---- Target Options
Add IO Buffers                     : YES
Global Maximum Fanout              : 500
Add Generic Clock Buffer(BUFG)     : 24
Register Duplication               : YES
Slice Packing                      : YES
Optimize Instantiated Primitives   : NO
Use Clock Enable                   : Yes
Use Synchronous Set                : Yes
Use Synchronous Reset              : Yes
Pack IO Registers into IOBs        : Auto
Equivalent register Removal        : YES

---- General Options
Optimization Goal                  : Speed
Optimization Effort                : 1
Keep Hierarchy                     : No
Netlist Hierarchy                  : As_Optimized
RTL Output                         : Yes
Global Optimization                : AllClockNets
Read Cores                         : YES
Write Timing Constraints           : NO
Cross Clock Analysis               : NO
Hierarchy Separator                : /
Bus Delimiter                      : <>
Case Specifier                     : Maintain
Slice Utilization Ratio            : 100
BRAM Utilization Ratio             : 100
Verilog 2001                       : YES
Auto BRAM Packing                  : NO
Slice Utilization Ratio Delta      : 5

=========================================================================


=========================================================================
*                          HDL Compilation                              *
=========================================================================
Compiling vhdl file "/home/student/github/digital_circuits_and_systems/A004_S-R_latch/slrl_latch.vhd" in Library work.
Architecture slrl_latch_arch of Entity slrl_latch is up to date.
Compiling vhdl file "/home/student/github/digital_circuits_and_systems/A004_S-R_latch/sr_latch_en.vhd" in Library work.
Architecture sr_latch_en_arch of Entity sr_latch_en is up to date.

=========================================================================
*                     Design Hierarchy Analysis                         *
=========================================================================
Analyzing hierarchy for entity <sr_latch_en> in library <work> (architecture <sr_latch_en_arch>).

Analyzing hierarchy for entity <slrl_latch> in library <work> (architecture <slrl_latch_arch>).


=========================================================================
*                            HDL Analysis                               *
=========================================================================
Analyzing Entity <sr_latch_en> in library <work> (Architecture <sr_latch_en_arch>).
WARNING:Xst:2211 - "/home/student/github/digital_circuits_and_systems/A004_S-R_latch/sr_latch_en.vhd" line 48: Instantiating black box module <AND2>.
WARNING:Xst:2211 - "/home/student/github/digital_circuits_and_systems/A004_S-R_latch/sr_latch_en.vhd" line 49: Instantiating black box module <AND2>.
Entity <sr_latch_en> analyzed. Unit <sr_latch_en> generated.

Analyzing Entity <slrl_latch> in library <work> (Architecture <slrl_latch_arch>).
WARNING:Xst:2211 - "/home/student/github/digital_circuits_and_systems/A004_S-R_latch/slrl_latch.vhd" line 46: Instantiating black box module <AND2>.
WARNING:Xst:2211 - "/home/student/github/digital_circuits_and_systems/A004_S-R_latch/slrl_latch.vhd" line 47: Instantiating black box module <AND2>.
WARNING:Xst:2211 - "/home/student/github/digital_circuits_and_systems/A004_S-R_latch/slrl_latch.vhd" line 48: Instantiating black box module <INV>.
WARNING:Xst:2211 - "/home/student/github/digital_circuits_and_systems/A004_S-R_latch/slrl_latch.vhd" line 49: Instantiating black box module <INV>.
Entity <slrl_latch> analyzed. Unit <slrl_latch> generated.


=========================================================================
*                           HDL Synthesis                               *
=========================================================================

Performing bidirectional port resolution...

Synthesizing Unit <slrl_latch>.
    Related source file is "/home/student/github/digital_circuits_and_systems/A004_S-R_latch/slrl_latch.vhd".
Unit <slrl_latch> synthesized.


Synthesizing Unit <sr_latch_en>.
    Related source file is "/home/student/github/digital_circuits_and_systems/A004_S-R_latch/sr_latch_en.vhd".
Unit <sr_latch_en> synthesized.


=========================================================================
HDL Synthesis Report

Found no macro
=========================================================================

=========================================================================
*                       Advanced HDL Synthesis                          *
=========================================================================


=========================================================================
Advanced HDL Synthesis Report

Found no macro
=========================================================================

=========================================================================
*                         Low Level Synthesis                           *
=========================================================================
WARNING:Xst:2170 - Unit sr_latch_en : the following signal(s) form a combinatorial loop: U3/Qb_N, U3/Qa, Q, QN.

Optimizing unit <sr_latch_en> ...

Mapping all equations...
Building and optimizing final netlist ...
Found area constraint ratio of 100 (+ 5) on block sr_latch_en, actual ratio is 0.

Final Macro Processing ...

=========================================================================
Final Register Report

Found no macro
=========================================================================

=========================================================================
*                           Partition Report                            *
=========================================================================

Partition Implementation Status
-------------------------------

  No Partitions were found in this design.

-------------------------------

=========================================================================
*                            Final Report                               *
=========================================================================
Final Results
RTL Top Level Output File Name     : sr_latch_en.ngr
Top Level Output File Name         : sr_latch_en
Output Format                      : NGC
Optimization Goal                  : Speed
Keep Hierarchy                     : No

Design Statistics
# IOs                              : 5

Cell Usage :
# BELS                             : 8
#      AND2                        : 4
#      INV                         : 4
# IO Buffers                       : 5
#      IBUF                        : 3
#      OBUF                        : 2
=========================================================================

Device utilization summary:
---------------------------

Selected Device : 3s50atq144-5 

 Number of Slices:                        2  out of    704     0%  
 Number of 4 input LUTs:                  4  out of   1408     0%  
 Number of IOs:                           5
 Number of bonded IOBs:                   5  out of    108     4%  

---------------------------
Partition Resource Summary:
---------------------------

  No Partitions were found in this design.

---------------------------


=========================================================================
TIMING REPORT

NOTE: THESE TIMING NUMBERS ARE ONLY A SYNTHESIS ESTIMATE.
      FOR ACCURATE TIMING INFORMATION PLEASE REFER TO THE TRACE REPORT
      GENERATED AFTER PLACE-and-ROUTE.

Clock Information:
------------------
No clock signals found in this design

Asynchronous Control Signals Information:
----------------------------------------
No asynchronous control signals found in this design

Timing Summary:
---------------
Speed Grade: -5

   Minimum period: No path found
   Minimum input arrival time before clock: No path found
   Maximum output required time after clock: No path found
   Maximum combinational path delay: 11.160ns

Timing Detail:
--------------
All values displayed in nanoseconds (ns)

=========================================================================
Timing constraint: Default path analysis
  Total number of paths / destination ports: 6 / 2
-------------------------------------------------------------------------
Delay:               11.160ns (Levels of Logic = 8)
  Source:            C (PAD)
  Destination:       Q (PAD)

  Data Path: C to Q
                                Gate     Net
    Cell:in->out      fanout   Delay   Delay  Logical Name (Net Name)
    ----------------------------------------  ------------
     IBUF:I->O             2   0.824   0.380  C_IBUF (C_IBUF)
     AND2:I1->O            1   0.562   0.357  U2 (R_C)
     INV:I->O              1   0.562   0.357  U3_not00001_INV_0 (U3_not0000)
     AND2:I0->O            1   0.562   0.357  U3/U2 (U3/Qb_N)
     INV:I->O              2   0.562   0.380  U3/U4 (QN_OBUF)
     AND2:I1->O            1   0.562   0.357  U3/U1 (U3/Qa)
     INV:I->O              2   0.562   0.380  U3/U3 (Q_OBUF)
     OBUF:I->O                 4.396          Q_OBUF (Q)
    ----------------------------------------
    Total                     11.160ns (8.592ns logic, 2.568ns route)
                                       (77.0% logic, 23.0% route)

=========================================================================


Total REAL time to Xst completion: 14.00 secs
Total CPU time to Xst completion: 6.30 secs
 
--> 


Total memory usage is 173468 kilobytes

Number of errors   :    0 (   0 filtered)
Number of warnings :    7 (   0 filtered)
Number of infos    :    0 (   0 filtered)

